<?xml version="1.0" encoding="UTF-8"?>
<!-- Generated by org.testng.reporters.JUnitReportReporter -->
<testsuite skipped="0" hostname="HP-PC" name="loginTestcase.PasswordCorrect" tests="1" failures="0" timestamp="2020-04-26T16:59:18 IST" time="14.520" errors="0">
  <testcase name="passwordcorrect" time="14.520" classname="loginTestcase.PasswordCorrect"/>
</testsuite> <!-- loginTestcase.PasswordCorrect -->
